<?xml version="1.0" encoding="UTF-8"?>
<testng-results ignored="0" total="1" passed="1" failed="0" skipped="0">
  <reporter-output>
  </reporter-output>
  <suite started-at="2022-11-29T15:48:04 BDT" name="Default suite" finished-at="2022-11-29T15:48:51 BDT" duration-ms="46931">
    <groups>
    </groups>
    <test started-at="2022-11-29T15:48:04 BDT" name="Default test" finished-at="2022-11-29T15:48:51 BDT" duration-ms="46931">
      <class name="testCases.Generalstore_Ecommerce">
        <test-method signature="myfirstTest()[pri:0, instance:testCases.Generalstore_Ecommerce@662b4c69]" started-at="2022-11-29T15:48:04 BDT" name="myfirstTest" finished-at="2022-11-29T15:48:51 BDT" duration-ms="46882" status="PASS">
          <reporter-output>
          </reporter-output>
        </test-method> <!-- myfirstTest -->
      </class> <!-- testCases.Generalstore_Ecommerce -->
    </test> <!-- Default test -->
  </suite> <!-- Default suite -->
</testng-results>
